<?xml version="1.0" encoding="UTF-8"?>
<!-- Generated by org.testng.reporters.JUnitReportReporter -->
<testsuite skipped="0" hostname="DESKTOP-LDOSFJT" name="com.hudl.test.stepsFiles.Runner" tests="2" failures="0" timestamp="05 Feb 2022 23:47:19 GMT" time="31.573" errors="0">
  <testcase name="runScenario" time="15.984" classname="com.hudl.test.stepsFiles.Runner"/>
  <testcase name="runScenario" time="15.589" classname="com.hudl.test.stepsFiles.Runner"/>
</testsuite> <!-- com.hudl.test.stepsFiles.Runner -->
